  Building 'driver_analyse_tool' with toolset 'WindowsKernelModeDriver10.0' and the 'Universal' target platform.
  Stamping D:\source\dump_driver\build\Debug\driver_analyse_tool.inf
  Stamping [Version] section with DriverVer=08/09/2022,17.45.10.932
  user.cpp
D:\source\dump_driver\src\user.cpp(287,31): warning C4996: 'ExAllocatePool': 被声明为已否决
D:\source\dump_driver\src\user.cpp(337,25): warning C4996: 'ExAllocatePool': 被声明为已否决
D:\source\dump_driver\src\user.cpp(354,70): warning C4996: 'ExAllocatePool': 被声明为已否决
  driver_analyse_tool.vcxproj -> D:\source\dump_driver\build\Debug\driver_analyse_tool.sys
  Done Adding Additional Store
  Successfully signed: D:\source\dump_driver\build\Debug\driver_analyse_tool.sys
  
  Driver is 'Universal'.
  .........................
  Signability test complete.
  
  Errors:
  None
  
  Warnings:
  None
  
  Catalog generation complete.
  D:\source\dump_driver\build\Debug\driver_analyse_tool\driver_analyse_tool.cat
  Done Adding Additional Store
  Successfully signed: D:\source\dump_driver\build\Debug\driver_analyse_tool\driver_analyse_tool.cat
  
